root - INFO - Initializing
urllib3.connectionpool - DEBUG - Starting new HTTPS connection (1): chatsparkapi.azurewebsites.net:443
urllib3.connectionpool - DEBUG - https://chatsparkapi.azurewebsites.net:443 "POST /api/album/heather/status HTTP/1.1" 200 0
urllib3.connectionpool - DEBUG - Starting new HTTPS connection (1): chatsparkapi.azurewebsites.net:443
urllib3.connectionpool - DEBUG - https://chatsparkapi.azurewebsites.net:443 "POST /api/album/heather/status HTTP/1.1" 200 0
root - INFO - update photo to free-photo-booth-press-start.png
PIL.PngImagePlugin - DEBUG - STREAM b'IHDR' 16 13
PIL.PngImagePlugin - DEBUG - STREAM b'tEXt' 41 25
PIL.PngImagePlugin - DEBUG - STREAM b'iTXt' 78 886
PIL.PngImagePlugin - DEBUG - STREAM b'IDAT' 976 43995
root - INFO - physical_button_pressed called
root - ERROR - photoProcessingState is 1; not yet ready
root - INFO - COUNTDOWN called
urllib3.connectionpool - DEBUG - Starting new HTTPS connection (1): chatsparkapi.azurewebsites.net:443
urllib3.connectionpool - DEBUG - https://chatsparkapi.azurewebsites.net:443 "POST /api/album/heather/status HTTP/1.1" 200 0
root - INFO - update photo to get-ready.png
PIL.PngImagePlugin - DEBUG - STREAM b'IHDR' 16 13
PIL.PngImagePlugin - DEBUG - STREAM b'tEXt' 41 25
PIL.PngImagePlugin - DEBUG - STREAM b'iTXt' 78 806
PIL.PngImagePlugin - DEBUG - STREAM b'IDAT' 896 10108
PIL.PngImagePlugin - DEBUG - STREAM b'IHDR' 16 13
PIL.PngImagePlugin - DEBUG - STREAM b'tEXt' 41 25
PIL.PngImagePlugin - DEBUG - STREAM b'iTXt' 78 886
PIL.PngImagePlugin - DEBUG - STREAM b'IDAT' 976 9968
root - INFO - update photo to 5.png
PIL.PngImagePlugin - DEBUG - STREAM b'IHDR' 16 13
PIL.PngImagePlugin - DEBUG - STREAM b'pHYs' 41 9
PIL.PngImagePlugin - DEBUG - STREAM b'IDAT' 62 8192
root - INFO - update photo to 4.png
PIL.PngImagePlugin - DEBUG - STREAM b'IHDR' 16 13
PIL.PngImagePlugin - DEBUG - STREAM b'pHYs' 41 9
PIL.PngImagePlugin - DEBUG - STREAM b'IDAT' 62 5605
root - INFO - update photo to 3.png
PIL.PngImagePlugin - DEBUG - STREAM b'IHDR' 16 13
PIL.PngImagePlugin - DEBUG - STREAM b'pHYs' 41 9
PIL.PngImagePlugin - DEBUG - STREAM b'IDAT' 62 8192
root - INFO - update photo to 2.png
PIL.PngImagePlugin - DEBUG - STREAM b'IHDR' 16 13
PIL.PngImagePlugin - DEBUG - STREAM b'pHYs' 41 9
PIL.PngImagePlugin - DEBUG - STREAM b'IDAT' 62 8192
root - INFO - update photo to 1.png
PIL.PngImagePlugin - DEBUG - STREAM b'IHDR' 16 13
PIL.PngImagePlugin - DEBUG - STREAM b'pHYs' 41 9
PIL.PngImagePlugin - DEBUG - STREAM b'IDAT' 62 5907
root - INFO - update photo to clearpixel.png
PIL.PngImagePlugin - DEBUG - STREAM b'IHDR' 16 13
PIL.PngImagePlugin - DEBUG - STREAM b'PLTE' 41 3
PIL.PngImagePlugin - DEBUG - STREAM b'tRNS' 56 1
PIL.PngImagePlugin - DEBUG - STREAM b'IDAT' 69 10
urllib3.connectionpool - DEBUG - Starting new HTTPS connection (1): chatsparkapi.azurewebsites.net:443
urllib3.connectionpool - DEBUG - https://chatsparkapi.azurewebsites.net:443 "POST /api/album/heather/status HTTP/1.1" 200 0
root - INFO - Getting photo from camera
root - INFO - update photo to got-it.png
PIL.PngImagePlugin - DEBUG - STREAM b'IHDR' 16 13
PIL.PngImagePlugin - DEBUG - STREAM b'tEXt' 41 25
PIL.PngImagePlugin - DEBUG - STREAM b'iTXt' 78 806
PIL.PngImagePlugin - DEBUG - STREAM b'IDAT' 896 8437
urllib3.connectionpool - DEBUG - Starting new HTTPS connection (1): chatsparkapi.azurewebsites.net:443
urllib3.connectionpool - DEBUG - https://chatsparkapi.azurewebsites.net:443 "POST /api/album/heather/status HTTP/1.1" 200 0
root - INFO - snapPhotoReliably result is:DSCF0008.jpg
urllib3.connectionpool - DEBUG - Starting new HTTPS connection (1): chatsparkapi.azurewebsites.net:443
urllib3.connectionpool - DEBUG - https://chatsparkapi.azurewebsites.net:443 "POST /api/album/heather/status HTTP/1.1" 200 0
root - INFO - Got what looks like a filename from camera:DSCF0008.jpg
root - INFO - update photo to DSCF0008.jpg
root - INFO - Uploading DSCF0008.jpg to popsee
urllib3.connectionpool - DEBUG - Starting new HTTPS connection (1): chatsparkapi.azurewebsites.net:443
root - INFO - response from upload: Queued
urllib3.connectionpool - DEBUG - Starting new HTTPS connection (1): chatsparkapi.azurewebsites.net:443
urllib3.connectionpool - DEBUG - https://chatsparkapi.azurewebsites.net:443 "POST /api/album/heather/status HTTP/1.1" 200 0
root - INFO - COUNTDOWN called
urllib3.connectionpool - DEBUG - Starting new HTTPS connection (1): chatsparkapi.azurewebsites.net:443
urllib3.connectionpool - DEBUG - https://chatsparkapi.azurewebsites.net:443 "POST /api/album/heather/status HTTP/1.1" 200 0
root - INFO - update photo to get-ready.png
PIL.PngImagePlugin - DEBUG - STREAM b'IHDR' 16 13
PIL.PngImagePlugin - DEBUG - STREAM b'tEXt' 41 25
PIL.PngImagePlugin - DEBUG - STREAM b'iTXt' 78 806
PIL.PngImagePlugin - DEBUG - STREAM b'IDAT' 896 10108
PIL.PngImagePlugin - DEBUG - STREAM b'IHDR' 16 13
PIL.PngImagePlugin - DEBUG - STREAM b'tEXt' 41 25
PIL.PngImagePlugin - DEBUG - STREAM b'iTXt' 78 886
PIL.PngImagePlugin - DEBUG - STREAM b'IDAT' 976 11179
urllib3.connectionpool - DEBUG - https://chatsparkapi.azurewebsites.net:443 "POST /api/album/heather/image HTTP/1.1" 200 None
root - INFO - update photo to 5.png
PIL.PngImagePlugin - DEBUG - STREAM b'IHDR' 16 13
PIL.PngImagePlugin - DEBUG - STREAM b'pHYs' 41 9
PIL.PngImagePlugin - DEBUG - STREAM b'IDAT' 62 8192
root - INFO - update photo to 4.png
PIL.PngImagePlugin - DEBUG - STREAM b'IHDR' 16 13
PIL.PngImagePlugin - DEBUG - STREAM b'pHYs' 41 9
PIL.PngImagePlugin - DEBUG - STREAM b'IDAT' 62 5605
root - INFO - update photo to 3.png
PIL.PngImagePlugin - DEBUG - STREAM b'IHDR' 16 13
PIL.PngImagePlugin - DEBUG - STREAM b'pHYs' 41 9
PIL.PngImagePlugin - DEBUG - STREAM b'IDAT' 62 8192
root - INFO - update photo to 2.png
PIL.PngImagePlugin - DEBUG - STREAM b'IHDR' 16 13
PIL.PngImagePlugin - DEBUG - STREAM b'pHYs' 41 9
PIL.PngImagePlugin - DEBUG - STREAM b'IDAT' 62 8192
root - INFO - update photo to 1.png
PIL.PngImagePlugin - DEBUG - STREAM b'IHDR' 16 13
PIL.PngImagePlugin - DEBUG - STREAM b'pHYs' 41 9
PIL.PngImagePlugin - DEBUG - STREAM b'IDAT' 62 5907
root - INFO - update photo to clearpixel.png
PIL.PngImagePlugin - DEBUG - STREAM b'IHDR' 16 13
PIL.PngImagePlugin - DEBUG - STREAM b'PLTE' 41 3
PIL.PngImagePlugin - DEBUG - STREAM b'tRNS' 56 1
PIL.PngImagePlugin - DEBUG - STREAM b'IDAT' 69 10
urllib3.connectionpool - DEBUG - Starting new HTTPS connection (1): chatsparkapi.azurewebsites.net:443
urllib3.connectionpool - DEBUG - https://chatsparkapi.azurewebsites.net:443 "POST /api/album/heather/status HTTP/1.1" 200 0
root - INFO - Getting photo from camera
root - INFO - update photo to got-it.png
PIL.PngImagePlugin - DEBUG - STREAM b'IHDR' 16 13
PIL.PngImagePlugin - DEBUG - STREAM b'tEXt' 41 25
PIL.PngImagePlugin - DEBUG - STREAM b'iTXt' 78 806
PIL.PngImagePlugin - DEBUG - STREAM b'IDAT' 896 8437
urllib3.connectionpool - DEBUG - Starting new HTTPS connection (1): chatsparkapi.azurewebsites.net:443
urllib3.connectionpool - DEBUG - https://chatsparkapi.azurewebsites.net:443 "POST /api/album/heather/status HTTP/1.1" 200 0
root - INFO - snapPhotoReliably result is:DSCF0009.jpg
urllib3.connectionpool - DEBUG - Starting new HTTPS connection (1): chatsparkapi.azurewebsites.net:443
urllib3.connectionpool - DEBUG - https://chatsparkapi.azurewebsites.net:443 "POST /api/album/heather/status HTTP/1.1" 200 0
root - INFO - Got what looks like a filename from camera:DSCF0009.jpg
root - INFO - update photo to DSCF0009.jpg
root - INFO - Uploading DSCF0009.jpg to popsee
urllib3.connectionpool - DEBUG - Starting new HTTPS connection (1): chatsparkapi.azurewebsites.net:443
root - INFO - response from upload: Queued
urllib3.connectionpool - DEBUG - Starting new HTTPS connection (1): chatsparkapi.azurewebsites.net:443
urllib3.connectionpool - DEBUG - https://chatsparkapi.azurewebsites.net:443 "POST /api/album/heather/status HTTP/1.1" 200 0
root - INFO - COUNTDOWN called
urllib3.connectionpool - DEBUG - Starting new HTTPS connection (1): chatsparkapi.azurewebsites.net:443
urllib3.connectionpool - DEBUG - https://chatsparkapi.azurewebsites.net:443 "POST /api/album/heather/status HTTP/1.1" 200 0
root - INFO - update photo to get-ready.png
PIL.PngImagePlugin - DEBUG - STREAM b'IHDR' 16 13
PIL.PngImagePlugin - DEBUG - STREAM b'tEXt' 41 25
PIL.PngImagePlugin - DEBUG - STREAM b'iTXt' 78 806
PIL.PngImagePlugin - DEBUG - STREAM b'IDAT' 896 10108
PIL.PngImagePlugin - DEBUG - STREAM b'IHDR' 16 13
PIL.PngImagePlugin - DEBUG - STREAM b'tEXt' 41 25
PIL.PngImagePlugin - DEBUG - STREAM b'iTXt' 78 886
PIL.PngImagePlugin - DEBUG - STREAM b'IDAT' 976 11129
urllib3.connectionpool - DEBUG - https://chatsparkapi.azurewebsites.net:443 "POST /api/album/heather/image HTTP/1.1" 200 None
root - INFO - update photo to 5.png
PIL.PngImagePlugin - DEBUG - STREAM b'IHDR' 16 13
PIL.PngImagePlugin - DEBUG - STREAM b'pHYs' 41 9
PIL.PngImagePlugin - DEBUG - STREAM b'IDAT' 62 8192
root - INFO - update photo to 4.png
PIL.PngImagePlugin - DEBUG - STREAM b'IHDR' 16 13
PIL.PngImagePlugin - DEBUG - STREAM b'pHYs' 41 9
PIL.PngImagePlugin - DEBUG - STREAM b'IDAT' 62 5605
root - INFO - update photo to 3.png
PIL.PngImagePlugin - DEBUG - STREAM b'IHDR' 16 13
PIL.PngImagePlugin - DEBUG - STREAM b'pHYs' 41 9
PIL.PngImagePlugin - DEBUG - STREAM b'IDAT' 62 8192
root - INFO - update photo to 2.png
PIL.PngImagePlugin - DEBUG - STREAM b'IHDR' 16 13
PIL.PngImagePlugin - DEBUG - STREAM b'pHYs' 41 9
PIL.PngImagePlugin - DEBUG - STREAM b'IDAT' 62 8192
root - INFO - update photo to 1.png
PIL.PngImagePlugin - DEBUG - STREAM b'IHDR' 16 13
PIL.PngImagePlugin - DEBUG - STREAM b'pHYs' 41 9
PIL.PngImagePlugin - DEBUG - STREAM b'IDAT' 62 5907
root - INFO - update photo to clearpixel.png
PIL.PngImagePlugin - DEBUG - STREAM b'IHDR' 16 13
PIL.PngImagePlugin - DEBUG - STREAM b'PLTE' 41 3
PIL.PngImagePlugin - DEBUG - STREAM b'tRNS' 56 1
PIL.PngImagePlugin - DEBUG - STREAM b'IDAT' 69 10
urllib3.connectionpool - DEBUG - Starting new HTTPS connection (1): chatsparkapi.azurewebsites.net:443
urllib3.connectionpool - DEBUG - https://chatsparkapi.azurewebsites.net:443 "POST /api/album/heather/status HTTP/1.1" 200 0
root - INFO - Getting photo from camera
root - INFO - update photo to got-it.png
PIL.PngImagePlugin - DEBUG - STREAM b'IHDR' 16 13
PIL.PngImagePlugin - DEBUG - STREAM b'tEXt' 41 25
PIL.PngImagePlugin - DEBUG - STREAM b'iTXt' 78 806
PIL.PngImagePlugin - DEBUG - STREAM b'IDAT' 896 8437
PIL.PngImagePlugin - DEBUG - STREAM b'IHDR' 16 13
PIL.PngImagePlugin - DEBUG - STREAM b'PLTE' 41 3
PIL.PngImagePlugin - DEBUG - STREAM b'tRNS' 56 1
PIL.PngImagePlugin - DEBUG - STREAM b'IDAT' 69 10
urllib3.connectionpool - DEBUG - Starting new HTTPS connection (1): chatsparkapi.azurewebsites.net:443
urllib3.connectionpool - DEBUG - https://chatsparkapi.azurewebsites.net:443 "POST /api/album/heather/status HTTP/1.1" 200 0
root - INFO - snapPhotoReliably result is:DSCF0010.jpg
urllib3.connectionpool - DEBUG - Starting new HTTPS connection (1): chatsparkapi.azurewebsites.net:443
urllib3.connectionpool - DEBUG - https://chatsparkapi.azurewebsites.net:443 "POST /api/album/heather/status HTTP/1.1" 200 0
root - INFO - Got what looks like a filename from camera:DSCF0010.jpg
root - INFO - update photo to DSCF0010.jpg
root - INFO - Uploading DSCF0010.jpg to popsee
urllib3.connectionpool - DEBUG - Starting new HTTPS connection (1): chatsparkapi.azurewebsites.net:443
root - INFO - response from upload: Queued
urllib3.connectionpool - DEBUG - Starting new HTTPS connection (1): chatsparkapi.azurewebsites.net:443
urllib3.connectionpool - DEBUG - https://chatsparkapi.azurewebsites.net:443 "POST /api/album/heather/status HTTP/1.1" 200 0
urllib3.connectionpool - DEBUG - https://chatsparkapi.azurewebsites.net:443 "POST /api/album/heather/image HTTP/1.1" 200 None
root - INFO - update photo to free-photo-booth-press-start.png
PIL.PngImagePlugin - DEBUG - STREAM b'IHDR' 16 13
PIL.PngImagePlugin - DEBUG - STREAM b'tEXt' 41 25
PIL.PngImagePlugin - DEBUG - STREAM b'iTXt' 78 886
PIL.PngImagePlugin - DEBUG - STREAM b'IDAT' 976 43995
root - INFO - update photo to free-photo-booth-press-start.png
PIL.PngImagePlugin - DEBUG - STREAM b'IHDR' 16 13
PIL.PngImagePlugin - DEBUG - STREAM b'tEXt' 41 25
PIL.PngImagePlugin - DEBUG - STREAM b'iTXt' 78 886
PIL.PngImagePlugin - DEBUG - STREAM b'IDAT' 976 43995
root - INFO - physical_button_pressed called
root - ERROR - photoProcessingState is 1; not yet ready
root - INFO - COUNTDOWN called
urllib3.connectionpool - DEBUG - Starting new HTTPS connection (1): chatsparkapi.azurewebsites.net:443
urllib3.connectionpool - DEBUG - https://chatsparkapi.azurewebsites.net:443 "POST /api/album/heather/status HTTP/1.1" 200 0
root - INFO - update photo to get-ready.png
PIL.PngImagePlugin - DEBUG - STREAM b'IHDR' 16 13
PIL.PngImagePlugin - DEBUG - STREAM b'tEXt' 41 25
PIL.PngImagePlugin - DEBUG - STREAM b'iTXt' 78 806
PIL.PngImagePlugin - DEBUG - STREAM b'IDAT' 896 10108
PIL.PngImagePlugin - DEBUG - STREAM b'IHDR' 16 13
PIL.PngImagePlugin - DEBUG - STREAM b'tEXt' 41 25
PIL.PngImagePlugin - DEBUG - STREAM b'iTXt' 78 886
PIL.PngImagePlugin - DEBUG - STREAM b'IDAT' 976 9968
root - INFO - update photo to 5.png
PIL.PngImagePlugin - DEBUG - STREAM b'IHDR' 16 13
PIL.PngImagePlugin - DEBUG - STREAM b'pHYs' 41 9
PIL.PngImagePlugin - DEBUG - STREAM b'IDAT' 62 8192
root - INFO - update photo to 4.png
PIL.PngImagePlugin - DEBUG - STREAM b'IHDR' 16 13
PIL.PngImagePlugin - DEBUG - STREAM b'pHYs' 41 9
PIL.PngImagePlugin - DEBUG - STREAM b'IDAT' 62 5605
root - INFO - update photo to 3.png
PIL.PngImagePlugin - DEBUG - STREAM b'IHDR' 16 13
PIL.PngImagePlugin - DEBUG - STREAM b'pHYs' 41 9
PIL.PngImagePlugin - DEBUG - STREAM b'IDAT' 62 8192
root - INFO - update photo to 2.png
PIL.PngImagePlugin - DEBUG - STREAM b'IHDR' 16 13
PIL.PngImagePlugin - DEBUG - STREAM b'pHYs' 41 9
PIL.PngImagePlugin - DEBUG - STREAM b'IDAT' 62 8192
root - INFO - update photo to 1.png
PIL.PngImagePlugin - DEBUG - STREAM b'IHDR' 16 13
PIL.PngImagePlugin - DEBUG - STREAM b'pHYs' 41 9
PIL.PngImagePlugin - DEBUG - STREAM b'IDAT' 62 5907
root - INFO - update photo to clearpixel.png
PIL.PngImagePlugin - DEBUG - STREAM b'IHDR' 16 13
PIL.PngImagePlugin - DEBUG - STREAM b'PLTE' 41 3
PIL.PngImagePlugin - DEBUG - STREAM b'tRNS' 56 1
PIL.PngImagePlugin - DEBUG - STREAM b'IDAT' 69 10
urllib3.connectionpool - DEBUG - Starting new HTTPS connection (1): chatsparkapi.azurewebsites.net:443
urllib3.connectionpool - DEBUG - https://chatsparkapi.azurewebsites.net:443 "POST /api/album/heather/status HTTP/1.1" 200 0
root - INFO - Getting photo from camera
root - INFO - update photo to got-it.png
PIL.PngImagePlugin - DEBUG - STREAM b'IHDR' 16 13
PIL.PngImagePlugin - DEBUG - STREAM b'tEXt' 41 25
PIL.PngImagePlugin - DEBUG - STREAM b'iTXt' 78 806
PIL.PngImagePlugin - DEBUG - STREAM b'IDAT' 896 8437
urllib3.connectionpool - DEBUG - Starting new HTTPS connection (1): chatsparkapi.azurewebsites.net:443
urllib3.connectionpool - DEBUG - https://chatsparkapi.azurewebsites.net:443 "POST /api/album/heather/status HTTP/1.1" 200 0
root - INFO - snapPhotoReliably result is:DSCF0011.jpg
urllib3.connectionpool - DEBUG - Starting new HTTPS connection (1): chatsparkapi.azurewebsites.net:443
urllib3.connectionpool - DEBUG - https://chatsparkapi.azurewebsites.net:443 "POST /api/album/heather/status HTTP/1.1" 200 0
root - INFO - Got what looks like a filename from camera:DSCF0011.jpg
root - INFO - update photo to DSCF0011.jpg
root - INFO - Uploading DSCF0011.jpg to popsee
urllib3.connectionpool - DEBUG - Starting new HTTPS connection (1): chatsparkapi.azurewebsites.net:443
root - INFO - response from upload: Queued
urllib3.connectionpool - DEBUG - Starting new HTTPS connection (1): chatsparkapi.azurewebsites.net:443
urllib3.connectionpool - DEBUG - https://chatsparkapi.azurewebsites.net:443 "POST /api/album/heather/status HTTP/1.1" 200 0
root - INFO - COUNTDOWN called
urllib3.connectionpool - DEBUG - Starting new HTTPS connection (1): chatsparkapi.azurewebsites.net:443
urllib3.connectionpool - DEBUG - https://chatsparkapi.azurewebsites.net:443 "POST /api/album/heather/status HTTP/1.1" 200 0
root - INFO - update photo to get-ready.png
PIL.PngImagePlugin - DEBUG - STREAM b'IHDR' 16 13
PIL.PngImagePlugin - DEBUG - STREAM b'tEXt' 41 25
PIL.PngImagePlugin - DEBUG - STREAM b'iTXt' 78 806
PIL.PngImagePlugin - DEBUG - STREAM b'IDAT' 896 10108
PIL.PngImagePlugin - DEBUG - STREAM b'IHDR' 16 13
PIL.PngImagePlugin - DEBUG - STREAM b'tEXt' 41 25
PIL.PngImagePlugin - DEBUG - STREAM b'iTXt' 78 886
PIL.PngImagePlugin - DEBUG - STREAM b'IDAT' 976 11179
root - INFO - update photo to 5.png
PIL.PngImagePlugin - DEBUG - STREAM b'IHDR' 16 13
PIL.PngImagePlugin - DEBUG - STREAM b'pHYs' 41 9
PIL.PngImagePlugin - DEBUG - STREAM b'IDAT' 62 8192
root - INFO - update photo to 4.png
PIL.PngImagePlugin - DEBUG - STREAM b'IHDR' 16 13
PIL.PngImagePlugin - DEBUG - STREAM b'pHYs' 41 9
PIL.PngImagePlugin - DEBUG - STREAM b'IDAT' 62 5605
root - INFO - update photo to 3.png
PIL.PngImagePlugin - DEBUG - STREAM b'IHDR' 16 13
PIL.PngImagePlugin - DEBUG - STREAM b'pHYs' 41 9
PIL.PngImagePlugin - DEBUG - STREAM b'IDAT' 62 8192
root - INFO - update photo to 2.png
PIL.PngImagePlugin - DEBUG - STREAM b'IHDR' 16 13
PIL.PngImagePlugin - DEBUG - STREAM b'pHYs' 41 9
PIL.PngImagePlugin - DEBUG - STREAM b'IDAT' 62 8192
root - INFO - update photo to 1.png
PIL.PngImagePlugin - DEBUG - STREAM b'IHDR' 16 13
PIL.PngImagePlugin - DEBUG - STREAM b'pHYs' 41 9
PIL.PngImagePlugin - DEBUG - STREAM b'IDAT' 62 5907
root - INFO - update photo to clearpixel.png
PIL.PngImagePlugin - DEBUG - STREAM b'IHDR' 16 13
PIL.PngImagePlugin - DEBUG - STREAM b'PLTE' 41 3
PIL.PngImagePlugin - DEBUG - STREAM b'tRNS' 56 1
PIL.PngImagePlugin - DEBUG - STREAM b'IDAT' 69 10
urllib3.connectionpool - DEBUG - Starting new HTTPS connection (1): chatsparkapi.azurewebsites.net:443
urllib3.connectionpool - DEBUG - https://chatsparkapi.azurewebsites.net:443 "POST /api/album/heather/status HTTP/1.1" 200 0
root - INFO - Getting photo from camera
root - INFO - update photo to got-it.png
PIL.PngImagePlugin - DEBUG - STREAM b'IHDR' 16 13
PIL.PngImagePlugin - DEBUG - STREAM b'tEXt' 41 25
PIL.PngImagePlugin - DEBUG - STREAM b'iTXt' 78 806
PIL.PngImagePlugin - DEBUG - STREAM b'IDAT' 896 8437
urllib3.connectionpool - DEBUG - Starting new HTTPS connection (1): chatsparkapi.azurewebsites.net:443
urllib3.connectionpool - DEBUG - https://chatsparkapi.azurewebsites.net:443 "POST /api/album/heather/status HTTP/1.1" 200 0
root - INFO - snapPhotoReliably result is:DSCF0012.jpg
urllib3.connectionpool - DEBUG - Starting new HTTPS connection (1): chatsparkapi.azurewebsites.net:443
urllib3.connectionpool - DEBUG - https://chatsparkapi.azurewebsites.net:443 "POST /api/album/heather/status HTTP/1.1" 200 0
root - INFO - Got what looks like a filename from camera:DSCF0012.jpg
root - INFO - update photo to DSCF0012.jpg
root - INFO - Uploading DSCF0012.jpg to popsee
urllib3.connectionpool - DEBUG - Starting new HTTPS connection (1): chatsparkapi.azurewebsites.net:443
urllib3.connectionpool - DEBUG - https://chatsparkapi.azurewebsites.net:443 "POST /api/album/heather/image HTTP/1.1" 200 None
root - INFO - response from upload: Queued
urllib3.connectionpool - DEBUG - Starting new HTTPS connection (1): chatsparkapi.azurewebsites.net:443
urllib3.connectionpool - DEBUG - https://chatsparkapi.azurewebsites.net:443 "POST /api/album/heather/status HTTP/1.1" 200 0
root - INFO - COUNTDOWN called
urllib3.connectionpool - DEBUG - Starting new HTTPS connection (1): chatsparkapi.azurewebsites.net:443
urllib3.connectionpool - DEBUG - https://chatsparkapi.azurewebsites.net:443 "POST /api/album/heather/status HTTP/1.1" 200 0
root - INFO - update photo to get-ready.png
PIL.PngImagePlugin - DEBUG - STREAM b'IHDR' 16 13
PIL.PngImagePlugin - DEBUG - STREAM b'tEXt' 41 25
PIL.PngImagePlugin - DEBUG - STREAM b'iTXt' 78 806
PIL.PngImagePlugin - DEBUG - STREAM b'IDAT' 896 10108
PIL.PngImagePlugin - DEBUG - STREAM b'IHDR' 16 13
PIL.PngImagePlugin - DEBUG - STREAM b'tEXt' 41 25
PIL.PngImagePlugin - DEBUG - STREAM b'iTXt' 78 886
PIL.PngImagePlugin - DEBUG - STREAM b'IDAT' 976 11129
root - INFO - update photo to 5.png
PIL.PngImagePlugin - DEBUG - STREAM b'IHDR' 16 13
PIL.PngImagePlugin - DEBUG - STREAM b'pHYs' 41 9
PIL.PngImagePlugin - DEBUG - STREAM b'IDAT' 62 8192
root - INFO - update photo to 4.png
PIL.PngImagePlugin - DEBUG - STREAM b'IHDR' 16 13
PIL.PngImagePlugin - DEBUG - STREAM b'pHYs' 41 9
PIL.PngImagePlugin - DEBUG - STREAM b'IDAT' 62 5605
root - INFO - update photo to 3.png
PIL.PngImagePlugin - DEBUG - STREAM b'IHDR' 16 13
PIL.PngImagePlugin - DEBUG - STREAM b'pHYs' 41 9
PIL.PngImagePlugin - DEBUG - STREAM b'IDAT' 62 8192
root - INFO - update photo to 2.png
PIL.PngImagePlugin - DEBUG - STREAM b'IHDR' 16 13
PIL.PngImagePlugin - DEBUG - STREAM b'pHYs' 41 9
PIL.PngImagePlugin - DEBUG - STREAM b'IDAT' 62 8192
root - INFO - update photo to 1.png
PIL.PngImagePlugin - DEBUG - STREAM b'IHDR' 16 13
PIL.PngImagePlugin - DEBUG - STREAM b'pHYs' 41 9
PIL.PngImagePlugin - DEBUG - STREAM b'IDAT' 62 5907
root - INFO - update photo to clearpixel.png
PIL.PngImagePlugin - DEBUG - STREAM b'IHDR' 16 13
PIL.PngImagePlugin - DEBUG - STREAM b'PLTE' 41 3
PIL.PngImagePlugin - DEBUG - STREAM b'tRNS' 56 1
PIL.PngImagePlugin - DEBUG - STREAM b'IDAT' 69 10
urllib3.connectionpool - DEBUG - Starting new HTTPS connection (1): chatsparkapi.azurewebsites.net:443
urllib3.connectionpool - DEBUG - https://chatsparkapi.azurewebsites.net:443 "POST /api/album/heather/status HTTP/1.1" 200 0
root - INFO - Getting photo from camera
urllib3.connectionpool - DEBUG - https://chatsparkapi.azurewebsites.net:443 "POST /api/album/heather/image HTTP/1.1" 200 None
root - INFO - update photo to got-it.png
PIL.PngImagePlugin - DEBUG - STREAM b'IHDR' 16 13
PIL.PngImagePlugin - DEBUG - STREAM b'tEXt' 41 25
PIL.PngImagePlugin - DEBUG - STREAM b'iTXt' 78 806
PIL.PngImagePlugin - DEBUG - STREAM b'IDAT' 896 8437
PIL.PngImagePlugin - DEBUG - STREAM b'IHDR' 16 13
PIL.PngImagePlugin - DEBUG - STREAM b'PLTE' 41 3
PIL.PngImagePlugin - DEBUG - STREAM b'tRNS' 56 1
PIL.PngImagePlugin - DEBUG - STREAM b'IDAT' 69 10
urllib3.connectionpool - DEBUG - Starting new HTTPS connection (1): chatsparkapi.azurewebsites.net:443
urllib3.connectionpool - DEBUG - https://chatsparkapi.azurewebsites.net:443 "POST /api/album/heather/status HTTP/1.1" 200 0
root - INFO - snapPhotoReliably result is:DSCF0013.jpg
urllib3.connectionpool - DEBUG - Starting new HTTPS connection (1): chatsparkapi.azurewebsites.net:443
urllib3.connectionpool - DEBUG - https://chatsparkapi.azurewebsites.net:443 "POST /api/album/heather/status HTTP/1.1" 200 0
root - INFO - Got what looks like a filename from camera:DSCF0013.jpg
root - INFO - update photo to DSCF0013.jpg
root - INFO - Uploading DSCF0013.jpg to popsee
urllib3.connectionpool - DEBUG - Starting new HTTPS connection (1): chatsparkapi.azurewebsites.net:443
root - INFO - response from upload: Queued
urllib3.connectionpool - DEBUG - Starting new HTTPS connection (1): chatsparkapi.azurewebsites.net:443
urllib3.connectionpool - DEBUG - https://chatsparkapi.azurewebsites.net:443 "POST /api/album/heather/status HTTP/1.1" 200 0
root - INFO - update photo to free-photo-booth-press-start.png
PIL.PngImagePlugin - DEBUG - STREAM b'IHDR' 16 13
PIL.PngImagePlugin - DEBUG - STREAM b'tEXt' 41 25
PIL.PngImagePlugin - DEBUG - STREAM b'iTXt' 78 886
PIL.PngImagePlugin - DEBUG - STREAM b'IDAT' 976 43995
urllib3.connectionpool - DEBUG - https://chatsparkapi.azurewebsites.net:443 "POST /api/album/heather/image HTTP/1.1" 200 None
